This is pdfTeX, Version 3.141592653-2.6-1.40.27 (MiKTeX 25.4) (preloaded format=pdflatex 2025.9.26)  21 OCT 2025 19:28
entering extended mode
 restricted \write18 enabled.
 file:line:error style messages enabled.
 %&-line parsing enabled.
**"c:/Users/danielcc/Desktop/DAM 1T/code/vscode/practicaOdooDocker/docsLatex/practica2/index.tex"
(c:/Users/danielcc/Desktop/DAM 1T/code/vscode/practicaOdooDocker/docsLatex/practica2/index.tex
LaTeX2e <2025-06-01> patch level 1
L3 programming layer <2025-09-02>
(C:\Users\danielcc\AppData\Local\Programs\MiKTeX\tex/latex/base\article.cls
Document Class: article 2025/01/22 v1.4n Standard LaTeX document class
(C:\Users\danielcc\AppData\Local\Programs\MiKTeX\tex/latex/base\size12.clo
File: size12.clo 2025/01/22 v1.4n Standard LaTeX file (size option)
)
\c@part=\count275
\c@section=\count276
\c@subsection=\count277
\c@subsubsection=\count278
\c@paragraph=\count279
\c@subparagraph=\count280
\c@figure=\count281
\c@table=\count282
\abovecaptionskip=\skip49
\belowcaptionskip=\skip50
\bibindent=\dimen148
) (C:\Users\danielcc\AppData\Local\Programs\MiKTeX\tex/generic/path\path.sty
This is path.sty, Version 3.05 <7-Apr-2011>
\c@tcode=\count283
\c@unter=\count284
) (C:\Users\danielcc\AppData\Local\Programs\MiKTeX\tex/latex/base\inputenc.sty
Package: inputenc 2024/02/08 v1.3d Input encoding file
\inpenc@prehook=\toks17
\inpenc@posthook=\toks18
) (C:\Users\danielcc\AppData\Local\Programs\MiKTeX\tex/latex/pmboxdraw\pmboxdraw.sty
Package: pmboxdraw 2019/12/05 v1.4 Poor man's box drawing characters (HO)
 (C:\Users\danielcc\AppData\Local\Programs\MiKTeX\tex/generic/ltxcmds\ltxcmds.sty
Package: ltxcmds 2023-12-04 v1.26 LaTeX kernel commands for general use (HO)
) (C:\Users\danielcc\AppData\Local\Programs\MiKTeX\tex/latex/kvsetkeys\kvsetkeys.sty
Package: kvsetkeys 2022-10-05 v1.19 Key value parser (HO)
) (C:\Users\danielcc\AppData\Local\Programs\MiKTeX\tex/generic/kvdefinekeys\kvdefinekeys.sty
Package: kvdefinekeys 2019-12-19 v1.6 Define keys (HO)
) (C:\Users\danielcc\AppData\Local\Programs\MiKTeX\tex/generic/infwarerr\infwarerr.sty
Package: infwarerr 2019/12/03 v1.5 Providing info/warning/error messages (HO)
)
Now handling font encoding pmboxdraw ...
... processing UTF-8 mapping file for font encoding pmboxdraw
 (C:\Users\danielcc\AppData\Local\Programs\MiKTeX\tex/latex/pmboxdraw\pmboxdrawenc.dfu
File: pmboxdrawenc.dfu 2019/12/05 v1.4 UTF-8 support for box drawing characters
   defining Unicode char U+2500 (decimal 9472)
   defining Unicode char U+2501 (decimal 9473)
   defining Unicode char U+2502 (decimal 9474)
   defining Unicode char U+2503 (decimal 9475)
   defining Unicode char U+250C (decimal 9484)
   defining Unicode char U+250D (decimal 9485)
   defining Unicode char U+250E (decimal 9486)
   defining Unicode char U+250F (decimal 9487)
   defining Unicode char U+2510 (decimal 9488)
   defining Unicode char U+2511 (decimal 9489)
   defining Unicode char U+2512 (decimal 9490)
   defining Unicode char U+2513 (decimal 9491)
   defining Unicode char U+2514 (decimal 9492)
   defining Unicode char U+2515 (decimal 9493)
   defining Unicode char U+2516 (decimal 9494)
   defining Unicode char U+2517 (decimal 9495)
   defining Unicode char U+2518 (decimal 9496)
   defining Unicode char U+2519 (decimal 9497)
   defining Unicode char U+251A (decimal 9498)
   defining Unicode char U+251B (decimal 9499)
   defining Unicode char U+251C (decimal 9500)
   defining Unicode char U+251D (decimal 9501)
   defining Unicode char U+251E (decimal 9502)
   defining Unicode char U+251F (decimal 9503)
   defining Unicode char U+2520 (decimal 9504)
   defining Unicode char U+2521 (decimal 9505)
   defining Unicode char U+2522 (decimal 9506)
   defining Unicode char U+2523 (decimal 9507)
   defining Unicode char U+2524 (decimal 9508)
   defining Unicode char U+252C (decimal 9516)
   defining Unicode char U+252D (decimal 9517)
   defining Unicode char U+252E (decimal 9518)
   defining Unicode char U+252F (decimal 9519)
   defining Unicode char U+2530 (decimal 9520)
   defining Unicode char U+2531 (decimal 9521)
   defining Unicode char U+2532 (decimal 9522)
   defining Unicode char U+2533 (decimal 9523)
   defining Unicode char U+2534 (decimal 9524)
   defining Unicode char U+2535 (decimal 9525)
   defining Unicode char U+2536 (decimal 9526)
   defining Unicode char U+2537 (decimal 9527)
   defining Unicode char U+2538 (decimal 9528)
   defining Unicode char U+2539 (decimal 9529)
   defining Unicode char U+253A (decimal 9530)
   defining Unicode char U+253B (decimal 9531)
   defining Unicode char U+253C (decimal 9532)
   defining Unicode char U+253D (decimal 9533)
   defining Unicode char U+253E (decimal 9534)
   defining Unicode char U+253F (decimal 9535)
   defining Unicode char U+2540 (decimal 9536)
   defining Unicode char U+2541 (decimal 9537)
   defining Unicode char U+2542 (decimal 9538)
   defining Unicode char U+2543 (decimal 9539)
   defining Unicode char U+2544 (decimal 9540)
   defining Unicode char U+2545 (decimal 9541)
   defining Unicode char U+2546 (decimal 9542)
   defining Unicode char U+2547 (decimal 9543)
   defining Unicode char U+2548 (decimal 9544)
   defining Unicode char U+2549 (decimal 9545)
   defining Unicode char U+254A (decimal 9546)
   defining Unicode char U+254B (decimal 9547)
   defining Unicode char U+2550 (decimal 9552)
   defining Unicode char U+2551 (decimal 9553)
   defining Unicode char U+2552 (decimal 9554)
   defining Unicode char U+2553 (decimal 9555)
   defining Unicode char U+2554 (decimal 9556)
   defining Unicode char U+2555 (decimal 9557)
   defining Unicode char U+2556 (decimal 9558)
   defining Unicode char U+2557 (decimal 9559)
   defining Unicode char U+2558 (decimal 9560)
   defining Unicode char U+2559 (decimal 9561)
   defining Unicode char U+255A (decimal 9562)
   defining Unicode char U+255B (decimal 9563)
   defining Unicode char U+255C (decimal 9564)
   defining Unicode char U+255D (decimal 9565)
   defining Unicode char U+255E (decimal 9566)
   defining Unicode char U+255F (decimal 9567)
   defining Unicode char U+2560 (decimal 9568)
   defining Unicode char U+2561 (decimal 9569)
   defining Unicode char U+2562 (decimal 9570)
   defining Unicode char U+2563 (decimal 9571)
   defining Unicode char U+2564 (decimal 9572)
   defining Unicode char U+2565 (decimal 9573)
   defining Unicode char U+2566 (decimal 9574)
   defining Unicode char U+2567 (decimal 9575)
   defining Unicode char U+2568 (decimal 9576)
   defining Unicode char U+2569 (decimal 9577)
   defining Unicode char U+256A (decimal 9578)
   defining Unicode char U+256B (decimal 9579)
   defining Unicode char U+256C (decimal 9580)
   defining Unicode char U+2574 (decimal 9588)
   defining Unicode char U+2575 (decimal 9589)
   defining Unicode char U+2576 (decimal 9590)
   defining Unicode char U+2577 (decimal 9591)
   defining Unicode char U+2578 (decimal 9592)
   defining Unicode char U+2579 (decimal 9593)
   defining Unicode char U+257A (decimal 9594)
   defining Unicode char U+257B (decimal 9595)
   defining Unicode char U+257C (decimal 9596)
   defining Unicode char U+257D (decimal 9597)
   defining Unicode char U+257E (decimal 9598)
   defining Unicode char U+257F (decimal 9599)
   defining Unicode char U+2580 (decimal 9600)
   defining Unicode char U+2581 (decimal 9601)
   defining Unicode char U+2582 (decimal 9602)
   defining Unicode char U+2583 (decimal 9603)
   defining Unicode char U+2584 (decimal 9604)
   defining Unicode char U+2585 (decimal 9605)
   defining Unicode char U+2586 (decimal 9606)
   defining Unicode char U+2587 (decimal 9607)
   defining Unicode char U+2588 (decimal 9608)
   defining Unicode char U+2589 (decimal 9609)
   defining Unicode char U+258A (decimal 9610)
   defining Unicode char U+258B (decimal 9611)
   defining Unicode char U+258C (decimal 9612)
   defining Unicode char U+258D (decimal 9613)
   defining Unicode char U+258E (decimal 9614)
   defining Unicode char U+258F (decimal 9615)
   defining Unicode char U+2590 (decimal 9616)
   defining Unicode char U+2591 (decimal 9617)
   defining Unicode char U+2592 (decimal 9618)
   defining Unicode char U+2593 (decimal 9619)
   defining Unicode char U+2594 (decimal 9620)
   defining Unicode char U+2595 (decimal 9621)
   defining Unicode char U+2596 (decimal 9622)
   defining Unicode char U+2597 (decimal 9623)
   defining Unicode char U+2598 (decimal 9624)
   defining Unicode char U+2599 (decimal 9625)
   defining Unicode char U+259A (decimal 9626)
   defining Unicode char U+259B (decimal 9627)
   defining Unicode char U+259C (decimal 9628)
   defining Unicode char U+259D (decimal 9629)
   defining Unicode char U+259E (decimal 9630)
   defining Unicode char U+259F (decimal 9631)
) (C:\Users\danielcc\AppData\Local\Programs\MiKTeX\tex/latex/kvoptions\kvoptions.sty
Package: kvoptions 2022-06-15 v3.15 Key value format for package options (HO)
 (C:\Users\danielcc\AppData\Local\Programs\MiKTeX\tex/latex/graphics\keyval.sty
Package: keyval 2022/05/29 v1.15 key=value parser (DPC)
\KV@toks@=\toks19
))
\pmbd@W=\dimen149
\pmbd@H=\dimen150
\pmbd@L=\dimen151
\pmbd@Thin=\dimen152
\pmbd@Thick=\dimen153
\pmbd@Sep=\dimen154
) (C:\Users\danielcc\AppData\Local\Programs\MiKTeX\tex/generic/babel\babel.sty
Package: babel 2025/08/03 v25.12 The multilingual framework for LuaLaTeX, pdfLaTeX and XeLaTeX
\babel@savecnt=\count285
LaTeX Encoding Info:    Redeclaring text command \ij (encoding OT1) on input line 2045.
LaTeX Encoding Info:    Redeclaring text command \IJ (encoding OT1) on input line 2047.
LaTeX Encoding Info:    Redeclaring text command \ij (encoding T1) on input line 2049.
LaTeX Encoding Info:    Redeclaring text command \IJ (encoding T1) on input line 2050.
LaTeX Encoding Info:    Ignoring declaration for text command \ij (encoding ?) on input line 2051.
LaTeX Encoding Info:    Ignoring declaration for text command \IJ (encoding ?) on input line 2053.
LaTeX Encoding Info:    Ignoring declaration for text command \SS (encoding ?) on input line 2078.
\U@D=\dimen155
\l@unhyphenated=\language79
 (C:\Users\danielcc\AppData\Local\Programs\MiKTeX\tex/generic/babel\txtbabel.def)
\bbl@readstream=\read2
\bbl@dirlevel=\count286

*************************************
* Local config file bblopts.cfg used
*
(C:\Users\danielcc\AppData\Local\Programs\MiKTeX\tex/latex/arabi\bblopts.cfg
File: bblopts.cfg 2005/09/08 v0.1 add Arabic and Farsi to "declared" options of babel
) (C:\Users\danielcc\AppData\Local\Programs\MiKTeX\tex/latex/babel-spanish\spanish.ldf
Language: spanish.ldf 2021/05/27 v5.0q Spanish support from the babel system
 (C:\Users\danielcc\AppData\Local\Programs\MiKTeX\tex/generic/babel/locale/es\babel-spanish.tex
Package babel Info: Importing font and identification data for spanish
(babel)             from babel-es.ini. Reported on input line 12.
)
\es@quottoks=\toks20
\es@quotdepth=\count287
Package babel Info: Making " an active character on input line 570.
Package babel Info: Making . an active character on input line 675.
Package babel Info: Making < an active character on input line 722.
Package babel Info: Making > an active character on input line 722.
))
LaTeX Encoding Info:    Redeclaring text command \guillemotleft (encoding OT1) on input line 6.
LaTeX Encoding Info:    Redeclaring text command \guillemotright (encoding OT1) on input line 6.
 (C:\Users\danielcc\AppData\Local\Programs\MiKTeX\tex/latex/graphics\graphicx.sty
Package: graphicx 2024/12/31 v1.2e Enhanced LaTeX Graphics (DPC,SPQR)
 (C:\Users\danielcc\AppData\Local\Programs\MiKTeX\tex/latex/graphics\graphics.sty
Package: graphics 2024/08/06 v1.4g Standard LaTeX Graphics (DPC,SPQR)
 (C:\Users\danielcc\AppData\Local\Programs\MiKTeX\tex/latex/graphics\trig.sty
Package: trig 2023/12/02 v1.11 sin cos tan (DPC)
) (C:\Users\danielcc\AppData\Local\Programs\MiKTeX\tex/latex/graphics-cfg\graphics.cfg
File: graphics.cfg 2016/06/04 v1.11 sample graphics configuration
)
Package graphics Info: Driver file: pdftex.def on input line 106.
 (C:\Users\danielcc\AppData\Local\Programs\MiKTeX\tex/latex/graphics-def\pdftex.def
File: pdftex.def 2024/04/13 v1.2c Graphics/color driver for pdftex
))
\Gin@req@height=\dimen156
\Gin@req@width=\dimen157
) (C:\Users\danielcc\AppData\Local\Programs\MiKTeX\tex/latex/placeins\placeins.sty
Package: placeins 2005/04/18  v 2.2
) (C:\Users\danielcc\AppData\Local\Programs\MiKTeX\tex/latex/hyperref\hyperref.sty
Package: hyperref 2025-07-12 v7.01o Hypertext links for LaTeX
 (C:\Users\danielcc\AppData\Local\Programs\MiKTeX\tex/generic/iftex\iftex.sty
Package: iftex 2024/12/12 v1.0g TeX engine tests
) (C:\Users\danielcc\AppData\Local\Programs\MiKTeX\tex/generic/pdfescape\pdfescape.sty
Package: pdfescape 2019/12/09 v1.15 Implements pdfTeX's escape features (HO)
 (C:\Users\danielcc\AppData\Local\Programs\MiKTeX\tex/generic/pdftexcmds\pdftexcmds.sty
Package: pdftexcmds 2020-06-27 v0.33 Utility functions of pdfTeX for LuaTeX (HO)
Package pdftexcmds Info: \pdf@primitive is available.
Package pdftexcmds Info: \pdf@ifprimitive is available.
Package pdftexcmds Info: \pdfdraftmode found.
)) (C:\Users\danielcc\AppData\Local\Programs\MiKTeX\tex/latex/hycolor\hycolor.sty
Package: hycolor 2020-01-27 v1.10 Color options for hyperref/bookmark (HO)
) (C:\Users\danielcc\AppData\Local\Programs\MiKTeX\tex/latex/hyperref\nameref.sty
Package: nameref 2025-06-21 v2.57 Cross-referencing by name of section
 (C:\Users\danielcc\AppData\Local\Programs\MiKTeX\tex/latex/refcount\refcount.sty
Package: refcount 2019/12/15 v3.6 Data extraction from label references (HO)
) (C:\Users\danielcc\AppData\Local\Programs\MiKTeX\tex/generic/gettitlestring\gettitlestring.sty
Package: gettitlestring 2019/12/15 v1.6 Cleanup title references (HO)
)
\c@section@level=\count288
) (C:\Users\danielcc\AppData\Local\Programs\MiKTeX\tex/latex/etoolbox\etoolbox.sty
Package: etoolbox 2025/02/11 v2.5l e-TeX tools for LaTeX (JAW)
\etb@tempcnta=\count289
) (C:\Users\danielcc\AppData\Local\Programs\MiKTeX\tex/generic/stringenc\stringenc.sty
Package: stringenc 2019/11/29 v1.12 Convert strings between diff. encodings (HO)
)
\@linkdim=\dimen158
\Hy@linkcounter=\count290
\Hy@pagecounter=\count291
 (C:\Users\danielcc\AppData\Local\Programs\MiKTeX\tex/latex/hyperref\pd1enc.def
File: pd1enc.def 2025-07-12 v7.01o Hyperref: PDFDocEncoding definition (HO)
Now handling font encoding PD1 ...
... no UTF-8 mapping file for font encoding PD1
) (C:\Users\danielcc\AppData\Local\Programs\MiKTeX\tex/generic/intcalc\intcalc.sty
Package: intcalc 2019/12/15 v1.3 Expandable calculations with integers (HO)
)
\Hy@SavedSpaceFactor=\count292
 (C:\Users\danielcc\AppData\Local\Programs\MiKTeX\tex/latex/hyperref\puenc.def
File: puenc.def 2025-07-12 v7.01o Hyperref: PDF Unicode definition (HO)
Now handling font encoding PU ...
... no UTF-8 mapping file for font encoding PU
)
Package hyperref Info: Hyper figures OFF on input line 4195.
Package hyperref Info: Link nesting OFF on input line 4200.
Package hyperref Info: Hyper index ON on input line 4203.
Package hyperref Info: Plain pages OFF on input line 4210.
Package hyperref Info: Backreferencing OFF on input line 4215.
Package hyperref Info: Implicit mode ON; LaTeX internals redefined.
Package hyperref Info: Bookmarks ON on input line 4462.
\c@Hy@tempcnt=\count293
 (C:\Users\danielcc\AppData\Local\Programs\MiKTeX\tex/latex/url\url.sty
\Urlmuskip=\muskip17
Package: url 2013/09/16  ver 3.4  Verb mode for urls, etc.
)
LaTeX Info: Redefining \url on input line 4801.
\XeTeXLinkMargin=\dimen159
 (C:\Users\danielcc\AppData\Local\Programs\MiKTeX\tex/generic/bitset\bitset.sty
Package: bitset 2019/12/09 v1.3 Handle bit-vector datatype (HO)
 (C:\Users\danielcc\AppData\Local\Programs\MiKTeX\tex/generic/bigintcalc\bigintcalc.sty
Package: bigintcalc 2019/12/15 v1.5 Expandable calculations on big integers (HO)
))
\Fld@menulength=\count294
\Field@Width=\dimen160
\Fld@charsize=\dimen161
Package hyperref Info: Hyper figures OFF on input line 6078.
Package hyperref Info: Link nesting OFF on input line 6083.
Package hyperref Info: Hyper index ON on input line 6086.
Package hyperref Info: backreferencing OFF on input line 6093.
Package hyperref Info: Link coloring OFF on input line 6098.
Package hyperref Info: Link coloring with OCG OFF on input line 6103.
Package hyperref Info: PDF/A mode OFF on input line 6108.
\Hy@abspage=\count295
\c@Item=\count296
\c@Hfootnote=\count297
)
Package hyperref Info: Driver (autodetected): hpdftex.
 (C:\Users\danielcc\AppData\Local\Programs\MiKTeX\tex/latex/hyperref\hpdftex.def
File: hpdftex.def 2025-07-12 v7.01o Hyperref driver for pdfTeX
\Fld@listcount=\count298
\c@bookmark@seq@number=\count299
 (C:\Users\danielcc\AppData\Local\Programs\MiKTeX\tex/latex/rerunfilecheck\rerunfilecheck.sty
Package: rerunfilecheck 2025-06-21 v1.11 Rerun checks for auxiliary files (HO)
 (C:\Users\danielcc\AppData\Local\Programs\MiKTeX\tex/generic/uniquecounter\uniquecounter.sty
Package: uniquecounter 2019/12/15 v1.4 Provide unlimited unique counter (HO)
)
Package uniquecounter Info: New unique counter `rerunfilecheck' on input line 284.
)
\Hy@SectionHShift=\skip51
)
Package hyperref Info: Option `colorlinks' set `true' on input line 14.
 (C:\Users\danielcc\AppData\Local\Programs\MiKTeX\tex/latex/l3backend\l3backend-pdftex.def
File: l3backend-pdftex.def 2025-06-09 L3 backend support: PDF output (pdfTeX)
\l__color_backend_stack_int=\count300
) (index.aux
LaTeX Info: Redefining \. on input line 11.
LaTeX Info: Redefining \% on input line 11.
Package babel Info: 'spanish' activates 'spanish' shorthands.
(babel)             Reported on input line 11.
)
\openout1 = `index.aux'.

LaTeX Font Info:    Checking defaults for OML/cmm/m/it on input line 22.
LaTeX Font Info:    ... okay on input line 22.
LaTeX Font Info:    Checking defaults for OMS/cmsy/m/n on input line 22.
LaTeX Font Info:    ... okay on input line 22.
LaTeX Font Info:    Checking defaults for OT1/cmr/m/n on input line 22.
LaTeX Font Info:    ... okay on input line 22.
LaTeX Font Info:    Checking defaults for T1/cmr/m/n on input line 22.
LaTeX Font Info:    ... okay on input line 22.
LaTeX Font Info:    Checking defaults for TS1/cmr/m/n on input line 22.
LaTeX Font Info:    ... okay on input line 22.
LaTeX Font Info:    Checking defaults for OMX/cmex/m/n on input line 22.
LaTeX Font Info:    ... okay on input line 22.
LaTeX Font Info:    Checking defaults for U/cmr/m/n on input line 22.
LaTeX Font Info:    ... okay on input line 22.
LaTeX Font Info:    Checking defaults for pmboxdraw/pmboxdraw/m/n on input line 22.
LaTeX Font Info:    ... okay on input line 22.
LaTeX Font Info:    Checking defaults for PD1/pdf/m/n on input line 22.
LaTeX Font Info:    ... okay on input line 22.
LaTeX Font Info:    Checking defaults for PU/pdf/m/n on input line 22.
LaTeX Font Info:    ... okay on input line 22.
LaTeX Info: Redefining \. on input line 22.
LaTeX Info: Redefining \% on input line 22.
 (C:\Users\danielcc\AppData\Local\Programs\MiKTeX\tex/context/base/mkii\supp-pdf.mkii
[Loading MPS to PDF converter (version 2006.09.02).]
\scratchcounter=\count301
\scratchdimen=\dimen162
\scratchbox=\box53
\nofMPsegments=\count302
\nofMParguments=\count303
\everyMPshowfont=\toks21
\MPscratchCnt=\count304
\MPscratchDim=\dimen163
\MPnumerator=\count305
\makeMPintoPDFobject=\count306
\everyMPtoPDFconversion=\toks22
) (C:\Users\danielcc\AppData\Local\Programs\MiKTeX\tex/latex/epstopdf-pkg\epstopdf-base.sty
Package: epstopdf-base 2020-01-24 v2.11 Base part for package epstopdf
Package epstopdf-base Info: Redefining graphics rule for `.eps' on input line 485.
 (C:\Users\danielcc\AppData\Local\Programs\MiKTeX\tex/latex/00miktex\epstopdf-sys.cfg
File: epstopdf-sys.cfg 2021/03/18 v2.0 Configuration of epstopdf for MiKTeX
)) (C:\Users\danielcc\AppData\Local\Programs\MiKTeX\tex/latex/graphics\color.sty
Package: color 2025/01/14 v1.3e Standard LaTeX Color (DPC)
 (C:\Users\danielcc\AppData\Local\Programs\MiKTeX\tex/latex/graphics-cfg\color.cfg
File: color.cfg 2016/01/02 v1.6 sample color configuration
)
Package color Info: Driver file: pdftex.def on input line 149.
 (C:\Users\danielcc\AppData\Local\Programs\MiKTeX\tex/latex/graphics\mathcolor.ltx))
Package hyperref Info: Link coloring ON on input line 22.
 (index.out) (index.out)
\@outlinefile=\write3
\openout3 = `index.out'.

LaTeX Font Info:    External font `cmex10' loaded for size
(Font)              <14.4> on input line 25.
LaTeX Font Info:    External font `cmex10' loaded for size
(Font)              <7> on input line 25.


[1

{C:/Users/danielcc/AppData/Local/MiKTeX/fonts/map/pdftex/pdftex.map}] (index.toc
LaTeX Info: Redefining \. on input line 1.
LaTeX Info: Redefining \% on input line 1.
LaTeX Font Info:    External font `cmex10' loaded for size
(Font)              <12> on input line 5.
LaTeX Font Info:    External font `cmex10' loaded for size
(Font)              <8> on input line 5.
LaTeX Font Info:    External font `cmex10' loaded for size
(Font)              <6> on input line 5.
)
\tf@toc=\write4
\openout4 = `index.toc'.



[2

]
Underfull \hbox (badness 10000) in paragraph at lines 31--32

 []


Underfull \hbox (badness 10000) in paragraph at lines 42--43

 []

<../img/pr2odoo01-modulosInstalados.png, id=95, 194.22563pt x 338.01282pt>
File: ../img/pr2odoo01-modulosInstalados.png Graphic file (type png)
<use ../img/pr2odoo01-modulosInstalados.png>
Package pdftex.def Info: ../img/pr2odoo01-modulosInstalados.png  used on input line 59.
(pdftex.def)             Requested size: 195.0pt x 339.36844pt.

LaTeX Warning: `!h' float specifier changed to `!ht'.



[3]
Underfull \hbox (badness 10000) in paragraph at lines 67--68

 []

<../img/pr2odoo02-facturacMain.png, id=109, 1440.88312pt x 529.98pt>
File: ../img/pr2odoo02-facturacMain.png Graphic file (type png)
<use ../img/pr2odoo02-facturacMain.png>
Package pdftex.def Info: ../img/pr2odoo02-facturacMain.png  used on input line 73.
(pdftex.def)             Requested size: 195.0pt x 71.7221pt.

LaTeX Warning: `!h' float specifier changed to `!ht'.



[4 <../img/pr2odoo01-modulosInstalados.png>]
<../img/pr2odoo03-facturac01.png, id=116, 421.575pt x 207.77625pt>
File: ../img/pr2odoo03-facturac01.png Graphic file (type png)
<use ../img/pr2odoo03-facturac01.png>
Package pdftex.def Info: ../img/pr2odoo03-facturac01.png  used on input line 82.
(pdftex.def)             Requested size: 195.0pt x 96.10768pt.
<../img/pr2odoo04-facturac02.png, id=117, 492.33937pt x 403.5075pt>
File: ../img/pr2odoo04-facturac02.png Graphic file (type png)
<use ../img/pr2odoo04-facturac02.png>
Package pdftex.def Info: ../img/pr2odoo04-facturac02.png  used on input line 89.
(pdftex.def)             Requested size: 195.0pt x 159.81778pt.
<../img/pr2odoo05-facturac03.png, id=118, 353.06906pt x 399.74344pt>
File: ../img/pr2odoo05-facturac03.png Graphic file (type png)
<use ../img/pr2odoo05-facturac03.png>
Package pdftex.def Info: ../img/pr2odoo05-facturac03.png  used on input line 96.
(pdftex.def)             Requested size: 195.0pt x 220.7806pt.


LaTeX Warning: `!h' float specifier changed to `!ht'.



[5 <../img/pr2odoo02-facturacMain.png> <../img/pr2odoo03-facturac01.png> <../img/pr2odoo04-facturac02.png>]
<../img/pr2odoo06-facturac04.png, id=129, 938.00438pt x 123.46124pt>
File: ../img/pr2odoo06-facturac04.png Graphic file (type png)
<use ../img/pr2odoo06-facturac04.png>
Package pdftex.def Info: ../img/pr2odoo06-facturac04.png  used on input line 103.
(pdftex.def)             Requested size: 195.0pt x 25.66576pt.
<../img/pr2odoo07-facturac05.png, id=130, 824.32968pt x 467.49657pt>
File: ../img/pr2odoo07-facturac05.png Graphic file (type png)
<use ../img/pr2odoo07-facturac05.png>
Package pdftex.def Info: ../img/pr2odoo07-facturac05.png  used on input line 110.
(pdftex.def)             Requested size: 195.0pt x 110.58931pt.
<../img/pr2odoo08-facturac06.png, id=131, 314.67563pt x 164.11313pt>
File: ../img/pr2odoo08-facturac06.png Graphic file (type png)
<use ../img/pr2odoo08-facturac06.png>
Package pdftex.def Info: ../img/pr2odoo08-facturac06.png  used on input line 117.
(pdftex.def)             Requested size: 195.0pt x 101.69899pt.


LaTeX Warning: `!h' float specifier changed to `!ht'.



[6 <../img/pr2odoo05-facturac03.png> <../img/pr2odoo06-facturac04.png> <../img/pr2odoo07-facturac05.png>]
<../img/pr2odoo09-facturac07.png, id=142, 763.35187pt x 254.45062pt>
File: ../img/pr2odoo09-facturac07.png Graphic file (type png)
<use ../img/pr2odoo09-facturac07.png>
Package pdftex.def Info: ../img/pr2odoo09-facturac07.png  used on input line 124.
(pdftex.def)             Requested size: 195.0pt x 64.99858pt.
<../img/pr2odoo10-facturac08.png, id=143, 950.04938pt x 323.70938pt>
File: ../img/pr2odoo10-facturac08.png Graphic file (type png)
<use ../img/pr2odoo10-facturac08.png>
Package pdftex.def Info: ../img/pr2odoo10-facturac08.png  used on input line 131.
(pdftex.def)             Requested size: 195.0pt x 66.43988pt.

Underfull \hbox (badness 10000) in paragraph at lines 138--139

 []

<../img/pr2odoo11-empleadosMain.png, id=145, 1444.64719pt x 225.09094pt>
File: ../img/pr2odoo11-empleadosMain.png Graphic file (type png)
<use ../img/pr2odoo11-empleadosMain.png>
Package pdftex.def Info: ../img/pr2odoo11-empleadosMain.png  used on input line 145.
(pdftex.def)             Requested size: 195.0pt x 30.38252pt.
<../img/pr2odoo12-DatosBasicosDeNuevoEmpleado.png, id=146, 1134.48843pt x 542.77782pt>
File: ../img/pr2odoo12-DatosBasicosDeNuevoEmpleado.png Graphic file (type png)
<use ../img/pr2odoo12-DatosBasicosDeNuevoEmpleado.png>
Package pdftex.def Info: ../img/pr2odoo12-DatosBasicosDeNuevoEmpleado.png  used on input line 152.
(pdftex.def)             Requested size: 195.0pt x 93.2897pt.

LaTeX Warning: `!h' float specifier changed to `!ht'.



[7 <../img/pr2odoo08-facturac06.png> <../img/pr2odoo09-facturac07.png> <../img/pr2odoo10-facturac08.png> <../img/pr2odoo11-empleadosMain.png>]
<../img/pr2odoo13-curriculum.png, id=160, 1129.97156pt x 532.99126pt>
File: ../img/pr2odoo13-curriculum.png Graphic file (type png)
<use ../img/pr2odoo13-curriculum.png>
Package pdftex.def Info: ../img/pr2odoo13-curriculum.png  used on input line 159.
(pdftex.def)             Requested size: 195.0pt x 91.97362pt.
<../img/pr2odoo14-habilidades.png, id=161, 1142.76938pt x 539.76656pt>
File: ../img/pr2odoo14-habilidades.png Graphic file (type png)
<use ../img/pr2odoo14-habilidades.png>
Package pdftex.def Info: ../img/pr2odoo14-habilidades.png  used on input line 166.
(pdftex.def)             Requested size: 195.0pt x 92.09677pt.
<../img/pr2odoo15-informacionDeTrabajo.png, id=162, 1128.46594pt x 594.72188pt>
File: ../img/pr2odoo15-informacionDeTrabajo.png Graphic file (type png)
<use ../img/pr2odoo15-informacionDeTrabajo.png>
Package pdftex.def Info: ../img/pr2odoo15-informacionDeTrabajo.png  used on input line 173.
(pdftex.def)             Requested size: 195.0pt x 102.76205pt.
<../img/pr2odoo16-informacionPrivada.png, id=163, 933.4875pt x 670.75594pt>
File: ../img/pr2odoo16-informacionPrivada.png Graphic file (type png)
<use ../img/pr2odoo16-informacionPrivada.png>
Package pdftex.def Info: ../img/pr2odoo16-informacionPrivada.png  used on input line 180.
(pdftex.def)             Requested size: 195.0pt x 140.11575pt.


LaTeX Warning: `!h' float specifier changed to `!ht'.



[8 <../img/pr2odoo12-DatosBasicosDeNuevoEmpleado.png> <../img/pr2odoo13-curriculum.png> <../img/pr2odoo14-habilidades.png> <../img/pr2odoo15-informacionDeTrabajo.png>]
<../img/pr2odoo17-ajustes.png, id=176, 949.29657pt x 498.36188pt>
File: ../img/pr2odoo17-ajustes.png Graphic file (type png)
<use ../img/pr2odoo17-ajustes.png>
Package pdftex.def Info: ../img/pr2odoo17-ajustes.png  used on input line 187.
(pdftex.def)             Requested size: 195.0pt x 102.37016pt.
<../img/pr2odoo18-empleadoCreado.png, id=177, 782.17218pt x 249.18094pt>
File: ../img/pr2odoo18-empleadoCreado.png Graphic file (type png)
<use ../img/pr2odoo18-empleadoCreado.png>
Package pdftex.def Info: ../img/pr2odoo18-empleadoCreado.png  used on input line 194.
(pdftex.def)             Requested size: 195.0pt x 62.12016pt.
<../img/pr2odoo19-departamentos.png, id=178, 754.31813pt x 196.48407pt>
File: ../img/pr2odoo19-departamentos.png Graphic file (type png)
<use ../img/pr2odoo19-departamentos.png>
Package pdftex.def Info: ../img/pr2odoo19-departamentos.png  used on input line 201.
(pdftex.def)             Requested size: 195.0pt x 50.79083pt.
<../img/pr2odoo20-habilidadesDeEmpleado.png, id=179, 1048.66782pt x 466.74374pt>
File: ../img/pr2odoo20-habilidadesDeEmpleado.png Graphic file (type png)
<use ../img/pr2odoo20-habilidadesDeEmpleado.png>
Package pdftex.def Info: ../img/pr2odoo20-habilidadesDeEmpleado.png  used on input line 208.
(pdftex.def)             Requested size: 195.0pt x 86.7878pt.


LaTeX Warning: `!h' float specifier changed to `!ht'.



[9 <../img/pr2odoo16-informacionPrivada.png> <../img/pr2odoo17-ajustes.png> <../img/pr2odoo18-empleadoCreado.png> <../img/pr2odoo19-departamentos.png>]
<../img/pr2odoo21-ubicacionDeTrabajo.png, id=192, 993.7125pt x 237.13594pt>
File: ../img/pr2odoo21-ubicacionDeTrabajo.png Graphic file (type png)
<use ../img/pr2odoo21-ubicacionDeTrabajo.png>
Package pdftex.def Info: ../img/pr2odoo21-ubicacionDeTrabajo.png  used on input line 215.
(pdftex.def)             Requested size: 195.0pt x 46.5326pt.
<../img/pr2odoo22-horarios.png, id=193, 542.025pt x 158.09062pt>
File: ../img/pr2odoo22-horarios.png Graphic file (type png)
<use ../img/pr2odoo22-horarios.png>
Package pdftex.def Info: ../img/pr2odoo22-horarios.png  used on input line 222.
(pdftex.def)             Requested size: 195.0pt x 56.87398pt.
<../img/pr2odoo23-motivosSalida.png, id=194, 459.21562pt x 250.68657pt>
File: ../img/pr2odoo23-motivosSalida.png Graphic file (type png)
<use ../img/pr2odoo23-motivosSalida.png>
Package pdftex.def Info: ../img/pr2odoo23-motivosSalida.png  used on input line 229.
(pdftex.def)             Requested size: 195.0pt x 106.45049pt.
<../img/pr2odoo24-tiposHabilidad.png, id=195, 1440.88312pt x 231.86626pt>
File: ../img/pr2odoo24-tiposHabilidad.png Graphic file (type png)
<use ../img/pr2odoo24-tiposHabilidad.png>
Package pdftex.def Info: ../img/pr2odoo24-tiposHabilidad.png  used on input line 236.
(pdftex.def)             Requested size: 195.0pt x 31.37842pt.
<../img/pr2odoo25-puestosTrabajo.png, id=196, 561.59813pt x 166.37157pt>
File: ../img/pr2odoo25-puestosTrabajo.png Graphic file (type png)
<use ../img/pr2odoo25-puestosTrabajo.png>
Package pdftex.def Info: ../img/pr2odoo25-puestosTrabajo.png  used on input line 243.
(pdftex.def)             Requested size: 195.0pt x 57.76634pt.


LaTeX Warning: `!h' float specifier changed to `!ht'.



[10 <../img/pr2odoo20-habilidadesDeEmpleado.png> <../img/pr2odoo21-ubicacionDeTrabajo.png> <../img/pr2odoo22-horarios.png> <../img/pr2odoo23-motivosSalida.png> <../img/pr2odoo24-tiposHabilidad.png>]
<../img/pr2odoo26-tiposEmpleado.png, id=211, 543.53062pt x 418.56375pt>
File: ../img/pr2odoo26-tiposEmpleado.png Graphic file (type png)
<use ../img/pr2odoo26-tiposEmpleado.png>
Package pdftex.def Info: ../img/pr2odoo26-tiposEmpleado.png  used on input line 250.
(pdftex.def)             Requested size: 195.0pt x 150.1655pt.

Underfull \hbox (badness 10000) in paragraph at lines 257--258

 []

<../img/pr2odoo27-pantallaPrincipalCompras.png, id=213, 1444.64719pt x 522.45187pt>
File: ../img/pr2odoo27-pantallaPrincipalCompras.png Graphic file (type png)
<use ../img/pr2odoo27-pantallaPrincipalCompras.png>
Package pdftex.def Info: ../img/pr2odoo27-pantallaPrincipalCompras.png  used on input line 265.
(pdftex.def)             Requested size: 195.0pt x 70.51997pt.
<../img/pr2odoo28-nuevoPresupuesto.png, id=214, 1029.8475pt x 633.11531pt>
File: ../img/pr2odoo28-nuevoPresupuesto.png Graphic file (type png)
<use ../img/pr2odoo28-nuevoPresupuesto.png>
Package pdftex.def Info: ../img/pr2odoo28-nuevoPresupuesto.png  used on input line 272.
(pdftex.def)             Requested size: 195.0pt x 119.87775pt.

LaTeX Warning: `!h' float specifier changed to `!ht'.



[11 <../img/pr2odoo25-puestosTrabajo.png> <../img/pr2odoo26-tiposEmpleado.png> <../img/pr2odoo27-pantallaPrincipalCompras.png>]
<../img/pr2odoo29-otraInfo.png, id=225, 962.84718pt x 483.30562pt>
File: ../img/pr2odoo29-otraInfo.png Graphic file (type png)
<use ../img/pr2odoo29-otraInfo.png>
Package pdftex.def Info: ../img/pr2odoo29-otraInfo.png  used on input line 279.
(pdftex.def)             Requested size: 195.0pt x 97.87622pt.
<../img/pr2odoo30-pedidoCreado.png, id=226, 1188.69093pt x 603.75563pt>
File: ../img/pr2odoo30-pedidoCreado.png Graphic file (type png)
<use ../img/pr2odoo30-pedidoCreado.png>
Package pdftex.def Info: ../img/pr2odoo30-pedidoCreado.png  used on input line 286.
(pdftex.def)             Requested size: 195.0pt x 99.03499pt.
<../img/pr2odoo31-productosRecibidos.png, id=227, 1268.48906pt x 480.29437pt>
File: ../img/pr2odoo31-productosRecibidos.png Graphic file (type png)
<use ../img/pr2odoo31-productosRecibidos.png>
Package pdftex.def Info: ../img/pr2odoo31-productosRecibidos.png  used on input line 293.
(pdftex.def)             Requested size: 195.0pt x 73.82924pt.
<../img/pr2odoo32-facturaProveedorCreada.png, id=228, 1344.52313pt x 670.75594pt>
File: ../img/pr2odoo32-facturaProveedorCreada.png Graphic file (type png)
<use ../img/pr2odoo32-facturaProveedorCreada.png>
Package pdftex.def Info: ../img/pr2odoo32-facturaProveedorCreada.png  used on input line 300.
(pdftex.def)             Requested size: 195.0pt x 97.27246pt.


LaTeX Warning: `!h' float specifier changed to `!ht'.



[12 <../img/pr2odoo28-nuevoPresupuesto.png> <../img/pr2odoo29-otraInfo.png> <../img/pr2odoo30-pedidoCreado.png> <../img/pr2odoo31-productosRecibidos.png>]
<../img/pr2odoo33-preparadaParaPago.png, id=241, 1323.44438pt x 641.39626pt>
File: ../img/pr2odoo33-preparadaParaPago.png Graphic file (type png)
<use ../img/pr2odoo33-preparadaParaPago.png>
Package pdftex.def Info: ../img/pr2odoo33-preparadaParaPago.png  used on input line 307.
(pdftex.def)             Requested size: 195.0pt x 94.50237pt.
<../img/pr2odoo34-pantallaPago.png, id=242, 928.97063pt x 386.94562pt>
File: ../img/pr2odoo34-pantallaPago.png Graphic file (type png)
<use ../img/pr2odoo34-pantallaPago.png>
Package pdftex.def Info: ../img/pr2odoo34-pantallaPago.png  used on input line 314.
(pdftex.def)             Requested size: 195.0pt x 81.21964pt.
<../img/pr2odoo35-facturaPagada.png, id=243, 1385.92781pt x 661.72218pt>
File: ../img/pr2odoo35-facturaPagada.png Graphic file (type png)
<use ../img/pr2odoo35-facturaPagada.png>
Package pdftex.def Info: ../img/pr2odoo35-facturaPagada.png  used on input line 321.
(pdftex.def)             Requested size: 195.0pt x 93.09483pt.
<../img/pr2odoo36-pantallaProductos.png, id=244, 1444.64719pt x 161.10187pt>
File: ../img/pr2odoo36-pantallaProductos.png Graphic file (type png)
<use ../img/pr2odoo36-pantallaProductos.png>
Package pdftex.def Info: ../img/pr2odoo36-pantallaProductos.png  used on input line 328.
(pdftex.def)             Requested size: 195.0pt x 21.74535pt.


LaTeX Warning: `!h' float specifier changed to `!ht'.



[13 <../img/pr2odoo32-facturaProveedorCreada.png> <../img/pr2odoo33-preparadaParaPago.png> <../img/pr2odoo34-pantallaPago.png> <../img/pr2odoo35-facturaPagada.png>]
<../img/pr2odoo37-analisisCompras.png, id=258, 1444.64719pt x 651.18282pt>
File: ../img/pr2odoo37-analisisCompras.png Graphic file (type png)
<use ../img/pr2odoo37-analisisCompras.png>
Package pdftex.def Info: ../img/pr2odoo37-analisisCompras.png  used on input line 335.
(pdftex.def)             Requested size: 195.0pt x 87.89595pt.
<../img/pr2odoo38-preciosProveedor.png, id=259, 1444.64719pt x 173.14688pt>
File: ../img/pr2odoo38-preciosProveedor.png Graphic file (type png)
<use ../img/pr2odoo38-preciosProveedor.png>
Package pdftex.def Info: ../img/pr2odoo38-preciosProveedor.png  used on input line 342.
(pdftex.def)             Requested size: 195.0pt x 23.37117pt.
<../img/pr2odoo39-categoriasPrioductos.png, id=260, 1444.64719pt x 219.82124pt>
File: ../img/pr2odoo39-categoriasPrioductos.png Graphic file (type png)
<use ../img/pr2odoo39-categoriasPrioductos.png>
Package pdftex.def Info: ../img/pr2odoo39-categoriasPrioductos.png  used on input line 349.
(pdftex.def)             Requested size: 195.0pt x 29.67122pt.

Underfull \hbox (badness 10000) in paragraph at lines 356--357

 []



[14 <../img/pr2odoo36-pantallaProductos.png> <../img/pr2odoo37-analisisCompras.png> <../img/pr2odoo38-preciosProveedor.png> <../img/pr2odoo39-categoriasPrioductos.png>]
<../img/pr2odoo40-pantallaPrincipalVentas.png, id=276, 1444.64719pt x 548.80031pt>
File: ../img/pr2odoo40-pantallaPrincipalVentas.png Graphic file (type png)
<use ../img/pr2odoo40-pantallaPrincipalVentas.png>
Package pdftex.def Info: ../img/pr2odoo40-pantallaPrincipalVentas.png  used on input line 383.
(pdftex.def)             Requested size: 195.0pt x 74.07646pt.
<../img/pr2odoo41-nuevoPresupuesto.png, id=277, 1032.10594pt x 483.30562pt>
File: ../img/pr2odoo41-nuevoPresupuesto.png Graphic file (type png)
<use ../img/pr2odoo41-nuevoPresupuesto.png>
Package pdftex.def Info: ../img/pr2odoo41-nuevoPresupuesto.png  used on input line 390.
(pdftex.def)             Requested size: 195.0pt x 91.31279pt.
<../img/pr2odoo42-otraInfo.png, id=278, 962.84718pt x 643.6547pt>
File: ../img/pr2odoo42-otraInfo.png Graphic file (type png)
<use ../img/pr2odoo42-otraInfo.png>
Package pdftex.def Info: ../img/pr2odoo42-otraInfo.png  used on input line 397.
(pdftex.def)             Requested size: 195.0pt x 130.34918pt.


LaTeX Warning: `!h' float specifier changed to `!ht'.



[15 <../img/pr2odoo40-pantallaPrincipalVentas.png> <../img/pr2odoo41-nuevoPresupuesto.png>]
<../img/pr2odoo43-presupuestoCreado.png, id=292, 971.12813pt x 472.76625pt>
File: ../img/pr2odoo43-presupuestoCreado.png Graphic file (type png)
<use ../img/pr2odoo43-presupuestoCreado.png>
Package pdftex.def Info: ../img/pr2odoo43-presupuestoCreado.png  used on input line 404.
(pdftex.def)             Requested size: 195.0pt x 94.92668pt.
<../img/pr2odoo44-crearBorradorFactura.png, id=293, 691.83469pt x 207.02344pt>
File: ../img/pr2odoo44-crearBorradorFactura.png Graphic file (type png)
<use ../img/pr2odoo44-crearBorradorFactura.png>
Package pdftex.def Info: ../img/pr2odoo44-crearBorradorFactura.png  used on input line 411.
(pdftex.def)             Requested size: 195.0pt x 58.35155pt.
<../img/pr2odoo45-borradorCreado.png, id=294, 1231.60126pt x 554.82281pt>
File: ../img/pr2odoo45-borradorCreado.png Graphic file (type png)
<use ../img/pr2odoo45-borradorCreado.png>
Package pdftex.def Info: ../img/pr2odoo45-borradorCreado.png  used on input line 418.
(pdftex.def)             Requested size: 195.0pt x 87.84221pt.
<../img/pr2odoo46-facturaCreada.png, id=295, 1246.6575pt x 586.44093pt>
File: ../img/pr2odoo46-facturaCreada.png Graphic file (type png)
<use ../img/pr2odoo46-facturaCreada.png>
Package pdftex.def Info: ../img/pr2odoo46-facturaCreada.png  used on input line 425.
(pdftex.def)             Requested size: 195.0pt x 91.7296pt.


LaTeX Warning: `!h' float specifier changed to `!ht'.



[16 <../img/pr2odoo42-otraInfo.png> <../img/pr2odoo43-presupuestoCreado.png> <../img/pr2odoo44-crearBorradorFactura.png> <../img/pr2odoo45-borradorCreado.png>]
<../img/pr2odoo47-listaVentas.png, id=308, 1444.64719pt x 173.14688pt>
File: ../img/pr2odoo47-listaVentas.png Graphic file (type png)
<use ../img/pr2odoo47-listaVentas.png>
Package pdftex.def Info: ../img/pr2odoo47-listaVentas.png  used on input line 432.
(pdftex.def)             Requested size: 195.0pt x 23.37117pt.

Underfull \hbox (badness 10000) in paragraph at lines 438--439

 []

<../img/pr2odoo48-pantallaPrincipal.png, id=310, 621.07031pt x 127.22531pt>
File: ../img/pr2odoo48-pantallaPrincipal.png Graphic file (type png)
<use ../img/pr2odoo48-pantallaPrincipal.png>
Package pdftex.def Info: ../img/pr2odoo48-pantallaPrincipal.png  used on input line 442.
(pdftex.def)             Requested size: 195.0pt x 39.94417pt.
<../img/pr2odoo49-nuevoTPV.png, id=311, 430.60875pt x 362.85562pt>
File: ../img/pr2odoo49-nuevoTPV.png Graphic file (type png)
<use ../img/pr2odoo49-nuevoTPV.png>
Package pdftex.def Info: ../img/pr2odoo49-nuevoTPV.png  used on input line 449.
(pdftex.def)             Requested size: 195.0pt x 164.31888pt.
<../img/pr2odoo50-tpvCreado.png, id=312, 498.36188pt x 197.23688pt>
File: ../img/pr2odoo50-tpvCreado.png Graphic file (type png)
<use ../img/pr2odoo50-tpvCreado.png>
Package pdftex.def Info: ../img/pr2odoo50-tpvCreado.png  used on input line 456.
(pdftex.def)             Requested size: 195.0pt x 77.17487pt.

LaTeX Warning: `!h' float specifier changed to `!ht'.



[17 <../img/pr2odoo46-facturaCreada.png> <../img/pr2odoo47-listaVentas.png> <../img/pr2odoo48-pantallaPrincipal.png> <../img/pr2odoo49-nuevoTPV.png>]
<../img/pr2odoo51-modoAcceso.png, id=325, 383.93437pt x 108.405pt>
File: ../img/pr2odoo51-modoAcceso.png Graphic file (type png)
<use ../img/pr2odoo51-modoAcceso.png>
Package pdftex.def Info: ../img/pr2odoo51-modoAcceso.png  used on input line 463.
(pdftex.def)             Requested size: 195.0pt x 55.05919pt.
<../img/pr2odoo52-escojerCajero.png, id=326, 822.07124pt x 325.96782pt>
File: ../img/pr2odoo52-escojerCajero.png Graphic file (type png)
<use ../img/pr2odoo52-escojerCajero.png>
Package pdftex.def Info: ../img/pr2odoo52-escojerCajero.png  used on input line 470.
(pdftex.def)             Requested size: 195.0pt x 77.31868pt.
<../img/pr2odoo53-controlAperturaCaja.png, id=327, 846.16125pt x 609.02531pt>
File: ../img/pr2odoo53-controlAperturaCaja.png Graphic file (type png)
<use ../img/pr2odoo53-controlAperturaCaja.png>
Package pdftex.def Info: ../img/pr2odoo53-controlAperturaCaja.png  used on input line 477.
(pdftex.def)             Requested size: 195.0pt x 140.35165pt.
<../img/pr2odoo54-creacionCliente.png, id=328, 776.9025pt x 674.52pt>
File: ../img/pr2odoo54-creacionCliente.png Graphic file (type png)
<use ../img/pr2odoo54-creacionCliente.png>
Package pdftex.def Info: ../img/pr2odoo54-creacionCliente.png  used on input line 484.
(pdftex.def)             Requested size: 195.0pt x 169.29858pt.


LaTeX Warning: `!h' float specifier changed to `!ht'.



[18 <../img/pr2odoo50-tpvCreado.png> <../img/pr2odoo51-modoAcceso.png> <../img/pr2odoo52-escojerCajero.png> <../img/pr2odoo53-controlAperturaCaja.png>]
<../img/pr2odoo55-clienteCreado.png, id=341, 777.65532pt x 667.74469pt>
File: ../img/pr2odoo55-clienteCreado.png Graphic file (type png)
<use ../img/pr2odoo55-clienteCreado.png>
Package pdftex.def Info: ../img/pr2odoo55-clienteCreado.png  used on input line 491.
(pdftex.def)             Requested size: 195.0pt x 167.43501pt.
<../img/pr2odoo56-operacionesCliente101.png, id=342, 624.08156pt x 682.80093pt>
File: ../img/pr2odoo56-operacionesCliente101.png Graphic file (type png)
<use ../img/pr2odoo56-operacionesCliente101.png>
Package pdftex.def Info: ../img/pr2odoo56-operacionesCliente101.png  used on input line 498.
(pdftex.def)             Requested size: 195.0pt x 213.3435pt.


LaTeX Warning: `!h' float specifier changed to `!ht'.



[19 <../img/pr2odoo54-creacionCliente.png> <../img/pr2odoo55-clienteCreado.png>]
<../img/pr2odoo57-diferentesClientesSimultaneos.png, id=352, 615.80063pt x 692.5875pt>
File: ../img/pr2odoo57-diferentesClientesSimultaneos.png Graphic file (type png)
<use ../img/pr2odoo57-diferentesClientesSimultaneos.png>
Package pdftex.def Info: ../img/pr2odoo57-diferentesClientesSimultaneos.png  used on input line 505.
(pdftex.def)             Requested size: 195.0pt x 219.30756pt.
<../img/pr2odoo58-validacionPago.png, id=353, 1041.1397pt x 686.565pt>
File: ../img/pr2odoo58-validacionPago.png Graphic file (type png)
<use ../img/pr2odoo58-validacionPago.png>
Package pdftex.def Info: ../img/pr2odoo58-validacionPago.png  used on input line 512.
(pdftex.def)             Requested size: 195.0pt x 128.58395pt.


LaTeX Warning: `!h' float specifier changed to `!ht'.



[20 <../img/pr2odoo56-operacionesCliente101.png> <../img/pr2odoo57-diferentesClientesSimultaneos.png>]
<../img/pr2odoo59-pagoCompletado101.png, id=362, 1278.27562pt x 685.8122pt>
File: ../img/pr2odoo59-pagoCompletado101.png Graphic file (type png)
<use ../img/pr2odoo59-pagoCompletado101.png>
Package pdftex.def Info: ../img/pr2odoo59-pagoCompletado101.png  used on input line 519.
(pdftex.def)             Requested size: 195.0pt x 104.61497pt.
<../img/pr2odoo60-cierreCaja.png, id=363, 665.48625pt x 561.59813pt>
File: ../img/pr2odoo60-cierreCaja.png Graphic file (type png)
<use ../img/pr2odoo60-cierreCaja.png>
Package pdftex.def Info: ../img/pr2odoo60-cierreCaja.png  used on input line 526.
(pdftex.def)             Requested size: 195.0pt x 164.556pt.
<../img/pr2odoo61-estadoFinalSesion.png, id=364, 1312.905pt x 170.88844pt>
File: ../img/pr2odoo61-estadoFinalSesion.png Graphic file (type png)
<use ../img/pr2odoo61-estadoFinalSesion.png>
Package pdftex.def Info: ../img/pr2odoo61-estadoFinalSesion.png  used on input line 533.
(pdftex.def)             Requested size: 195.0pt x 25.37923pt.


LaTeX Warning: `!h' float specifier changed to `!ht'.



[21 <../img/pr2odoo58-validacionPago.png> <../img/pr2odoo59-pagoCompletado101.png> <../img/pr2odoo60-cierreCaja.png>]
Underfull \hbox (badness 10000) in paragraph at lines 562--563

 []

<../img/pr2odoo62-pantallaPrincipal.png, id=376, 1406.25375pt x 277.035pt>
File: ../img/pr2odoo62-pantallaPrincipal.png Graphic file (type png)
<use ../img/pr2odoo62-pantallaPrincipal.png>
Package pdftex.def Info: ../img/pr2odoo62-pantallaPrincipal.png  used on input line 568.
(pdftex.def)             Requested size: 195.0pt x 38.41263pt.

LaTeX Warning: `!h' float specifier changed to `!ht'.



[22 <../img/pr2odoo61-estadoFinalSesion.png>]
<../img/pr2odoo63-edicionContacto.png, id=384, 1030.60031pt x 584.93532pt>
File: ../img/pr2odoo63-edicionContacto.png Graphic file (type png)
<use ../img/pr2odoo63-edicionContacto.png>
Package pdftex.def Info: ../img/pr2odoo63-edicionContacto.png  used on input line 575.
(pdftex.def)             Requested size: 195.0pt x 110.67474pt.
<../img/pr2odoo64-nuevoContacto.png, id=385, 977.15062pt x 514.17094pt>
File: ../img/pr2odoo64-nuevoContacto.png Graphic file (type png)
<use ../img/pr2odoo64-nuevoContacto.png>
Package pdftex.def Info: ../img/pr2odoo64-nuevoContacto.png  used on input line 583.
(pdftex.def)             Requested size: 195.0pt x 102.60484pt.
<../img/pr2odoo65-opcionesContacto.png, id=386, 1086.30844pt x 450.9347pt>
File: ../img/pr2odoo65-opcionesContacto.png Graphic file (type png)
<use ../img/pr2odoo65-opcionesContacto.png>
Package pdftex.def Info: ../img/pr2odoo65-opcionesContacto.png  used on input line 591.
(pdftex.def)             Requested size: 195.0pt x 80.94455pt.

Underfull \hbox (badness 10000) in paragraph at lines 597--598

 []



[23 <../img/pr2odoo62-pantallaPrincipal.png> <../img/pr2odoo63-edicionContacto.png> <../img/pr2odoo64-nuevoContacto.png> <../img/pr2odoo65-opcionesContacto.png>]
<../img/pr2odoo66-pantallaPrincipal.png, id=400, 1402.48969pt x 483.30562pt>
File: ../img/pr2odoo66-pantallaPrincipal.png Graphic file (type png)
<use ../img/pr2odoo66-pantallaPrincipal.png>
Package pdftex.def Info: ../img/pr2odoo66-pantallaPrincipal.png  used on input line 603.
(pdftex.def)             Requested size: 195.0pt x 67.19772pt.
<../img/pr2odoo67-nuevaOportunidad.png, id=401, 371.88937pt x 507.39563pt>
File: ../img/pr2odoo67-nuevaOportunidad.png Graphic file (type png)
<use ../img/pr2odoo67-nuevaOportunidad.png>
Package pdftex.def Info: ../img/pr2odoo67-nuevaOportunidad.png  used on input line 610.
(pdftex.def)             Requested size: 195.0pt x 266.06152pt.
<../img/pr2odoo68-oportunidadCreada.png, id=402, 706.89093pt x 262.73157pt>
File: ../img/pr2odoo68-oportunidadCreada.png Graphic file (type png)
<use ../img/pr2odoo68-oportunidadCreada.png>
Package pdftex.def Info: ../img/pr2odoo68-oportunidadCreada.png  used on input line 617.
(pdftex.def)             Requested size: 195.0pt x 72.47389pt.


LaTeX Warning: `!h' float specifier changed to `!ht'.



[24 <../img/pr2odoo66-pantallaPrincipal.png> <../img/pr2odoo67-nuevaOportunidad.png>]
<../img/pr2odoo69-oportunidadOpciones.png, id=411, 925.20656pt x 643.6547pt>
File: ../img/pr2odoo69-oportunidadOpciones.png Graphic file (type png)
<use ../img/pr2odoo69-oportunidadOpciones.png>
Package pdftex.def Info: ../img/pr2odoo69-oportunidadOpciones.png  used on input line 624.
(pdftex.def)             Requested size: 195.0pt x 135.65271pt.
<../img/pr2odoo70-oportunidadGanado.png, id=412, 1116.42094pt x 355.3275pt>
File: ../img/pr2odoo70-oportunidadGanado.png Graphic file (type png)
<use ../img/pr2odoo70-oportunidadGanado.png>
Package pdftex.def Info: ../img/pr2odoo70-oportunidadGanado.png  used on input line 631.
(pdftex.def)             Requested size: 195.0pt x 62.06395pt.
<../img/pr2odoo71-oportunidadPerdida.png, id=413, 523.20468pt x 264.23718pt>
File: ../img/pr2odoo71-oportunidadPerdida.png Graphic file (type png)
<use ../img/pr2odoo71-oportunidadPerdida.png>
Package pdftex.def Info: ../img/pr2odoo71-oportunidadPerdida.png  used on input line 638.
(pdftex.def)             Requested size: 195.0pt x 98.47987pt.
<../img/pr2odoo72-cambioDeEtapa.png, id=414, 974.13937pt x 267.24844pt>
File: ../img/pr2odoo72-cambioDeEtapa.png Graphic file (type png)
<use ../img/pr2odoo72-cambioDeEtapa.png>
Package pdftex.def Info: ../img/pr2odoo72-cambioDeEtapa.png  used on input line 645.
(pdftex.def)             Requested size: 195.0pt x 53.49359pt.


LaTeX Warning: `!h' float specifier changed to `!ht'.



[25 <../img/pr2odoo68-oportunidadCreada.png> <../img/pr2odoo69-oportunidadOpciones.png> <../img/pr2odoo70-oportunidadGanado.png> <../img/pr2odoo71-oportunidadPerdida.png>]
File: ../img/pr2odoo72-cambioDeEtapa.png Graphic file (type png)
<use ../img/pr2odoo72-cambioDeEtapa.png>
Package pdftex.def Info: ../img/pr2odoo72-cambioDeEtapa.png  used on input line 652.
(pdftex.def)             Requested size: 195.0pt x 53.49359pt.
<../img/pr2odoo73-aadirOportunidadDirectamenteEnEtapa.png, id=428, 1023.825pt x 391.4625pt>
File: ../img/pr2odoo73-aadirOportunidadDirectamenteEnEtapa.png Graphic file (type png)
<use ../img/pr2odoo73-aadirOportunidadDirectamenteEnEtapa.png>
Package pdftex.def Info: ../img/pr2odoo73-aadirOportunidadDirectamenteEnEtapa.png  used on input line 659.
(pdftex.def)             Requested size: 195.0pt x 74.55783pt.
<../img/pr2odoo74-crearEtapa.png, id=429, 1021.56656pt x 341.02406pt>
File: ../img/pr2odoo74-crearEtapa.png Graphic file (type png)
<use ../img/pr2odoo74-crearEtapa.png>
Package pdftex.def Info: ../img/pr2odoo74-crearEtapa.png  used on input line 666.
(pdftex.def)             Requested size: 195.0pt x 65.09184pt.
<../img/pr2odoo75-cambioManualDeEtapa.png, id=430, 1028.34187pt x 505.89pt>
File: ../img/pr2odoo75-cambioManualDeEtapa.png Graphic file (type png)
<use ../img/pr2odoo75-cambioManualDeEtapa.png>
Package pdftex.def Info: ../img/pr2odoo75-cambioManualDeEtapa.png  used on input line 673.
(pdftex.def)             Requested size: 195.0pt x 95.92711pt.


LaTeX Warning: `!h' float specifier changed to `!ht'.



[26 <../img/pr2odoo72-cambioDeEtapa.png> <../img/pr2odoo73-aadirOportunidadDirectamenteEnEtapa.png> <../img/pr2odoo74-crearEtapa.png>]
Underfull \hbox (badness 10000) in paragraph at lines 699--700

 []


Underfull \hbox (badness 10000) in paragraph at lines 704--705

 []

<../img/pr2odoo76-backupInterfazPrincipal.png, id=444, 484.05844pt x 237.88875pt>
File: ../img/pr2odoo76-backupInterfazPrincipal.png Graphic file (type png)
<use ../img/pr2odoo76-backupInterfazPrincipal.png>
Package pdftex.def Info: ../img/pr2odoo76-backupInterfazPrincipal.png  used on input line 714.
(pdftex.def)             Requested size: 195.0pt x 95.8326pt.

LaTeX Warning: `!h' float specifier changed to `!ht'.



[27 <../img/pr2odoo75-cambioManualDeEtapa.png>]
<../img/pr2odoo77-backupInterfazPantallaCambio.png, id=461, 423.83344pt x 402.75468pt>
File: ../img/pr2odoo77-backupInterfazPantallaCambio.png Graphic file (type png)
<use ../img/pr2odoo77-backupInterfazPantallaCambio.png>
Package pdftex.def Info: ../img/pr2odoo77-backupInterfazPantallaCambio.png  used on input line 721.
(pdftex.def)             Requested size: 195.0pt x 185.30013pt.
<../img/pr2odoo78-backupInterfazDescargado.png, id=462, 941.01563pt x 358.33875pt>
File: ../img/pr2odoo78-backupInterfazDescargado.png Graphic file (type png)
<use ../img/pr2odoo78-backupInterfazDescargado.png>
Package pdftex.def Info: ../img/pr2odoo78-backupInterfazDescargado.png  used on input line 728.
(pdftex.def)             Requested size: 195.0pt x 74.25275pt.

Underfull \hbox (badness 10000) in paragraph at lines 734--735

 []

<../img/pr2odoo79-dockerPS.png, id=464, 1357.32094pt x 97.86563pt>
File: ../img/pr2odoo79-dockerPS.png Graphic file (type png)
<use ../img/pr2odoo79-dockerPS.png>
Package pdftex.def Info: ../img/pr2odoo79-dockerPS.png  used on input line 743.
(pdftex.def)             Requested size: 195.0pt x 14.05948pt.

LaTeX Warning: `!h' float specifier changed to `!ht'.



[28 <../img/pr2odoo76-backupInterfazPrincipal.png> <../img/pr2odoo77-backupInterfazPantallaCambio.png> <../img/pr2odoo78-backupInterfazDescargado.png>]
Overfull \hbox (184.27528pt too wide) in paragraph at lines 751--751
[]    \OT1/cmtt/m/n/12 docker exec 98832932c559 pg_dump -U odoo -F c odoo_test > C:\odoo_backups\odoo_backup.sql[] 
 []

<../img/pr2odoo80-comandoBackup.png, id=475, 778.40813pt x 36.88782pt>
File: ../img/pr2odoo80-comandoBackup.png Graphic file (type png)
<use ../img/pr2odoo80-comandoBackup.png>
Package pdftex.def Info: ../img/pr2odoo80-comandoBackup.png  used on input line 761.
(pdftex.def)             Requested size: 195.0pt x 9.2405pt.
<../img/pr2odoo81-backupRealizado.png, id=476, 646.66594pt x 210.03468pt>
File: ../img/pr2odoo81-backupRealizado.png Graphic file (type png)
<use ../img/pr2odoo81-backupRealizado.png>
Package pdftex.def Info: ../img/pr2odoo81-backupRealizado.png  used on input line 768.
(pdftex.def)             Requested size: 195.0pt x 63.33458pt.

Underfull \hbox (badness 10000) in paragraph at lines 774--775

 []

<../img/pr2odoo82-crearDirectorio.png, id=478, 680.5425pt x 16.56187pt>
File: ../img/pr2odoo82-crearDirectorio.png Graphic file (type png)
<use ../img/pr2odoo82-crearDirectorio.png>
Package pdftex.def Info: ../img/pr2odoo82-crearDirectorio.png  used on input line 788.
(pdftex.def)             Requested size: 195.0pt x 4.74545pt.

LaTeX Warning: `!h' float specifier changed to `!ht'.



[29 <../img/pr2odoo79-dockerPS.png> <../img/pr2odoo80-comandoBackup.png> <../img/pr2odoo81-backupRealizado.png>]
Overfull \hbox (128.70026pt too wide) in paragraph at lines 796--796
[]    \OT1/cmtt/m/n/12 docker exec -it e0.bigodoo.net cp /etc/odoo/odoo.conf /etc/odoo/odoo.conf.backup[] 
 []

<../img/pr2odoo83-crearBackup.png, id=489, 680.5425pt x 16.56187pt>
File: ../img/pr2odoo83-crearBackup.png Graphic file (type png)
<use ../img/pr2odoo83-crearBackup.png>
Package pdftex.def Info: ../img/pr2odoo83-crearBackup.png  used on input line 806.
(pdftex.def)             Requested size: 195.0pt x 4.74545pt.

Overfull \hbox (29.9002pt too wide) in paragraph at lines 814--814
[]    \OT1/cmtt/m/n/12 docker exec -it e0.bigodoo.net ls -la /etc/odoo/odoo.conf.backup[] 
 []

<../img/pr2odoo84-comprobarBackup.png, id=490, 680.5425pt x 30.1125pt>
File: ../img/pr2odoo84-comprobarBackup.png Graphic file (type png)
<use ../img/pr2odoo84-comprobarBackup.png>
Package pdftex.def Info: ../img/pr2odoo84-comprobarBackup.png  used on input line 823.
(pdftex.def)             Requested size: 195.0pt x 8.62808pt.

Overfull \hbox (36.07521pt too wide) in paragraph at lines 831--831
[]    \OT1/cmtt/m/n/12 docker cp e0.bigodoo.net:/etc/odoo/odoo.conf.backup C:/odoobackup[] 
 []

<../img/pr2odoo85-copiarBackupAhost.png, id=491, 577.40718pt x 48.93282pt>
File: ../img/pr2odoo85-copiarBackupAhost.png Graphic file (type png)
<use ../img/pr2odoo85-copiarBackupAhost.png>
Package pdftex.def Info: ../img/pr2odoo85-copiarBackupAhost.png  used on input line 841.
(pdftex.def)             Requested size: 195.0pt x 16.52567pt.

LaTeX Warning: `!h' float specifier changed to `!ht'.



[30 <../img/pr2odoo82-crearDirectorio.png> <../img/pr2odoo83-crearBackup.png> <../img/pr2odoo84-comprobarBackup.png>]
<../img/pr2odoo86-backupCopiado.png, id=502, 600.74437pt x 191.21437pt>
File: ../img/pr2odoo86-backupCopiado.png Graphic file (type png)
<use ../img/pr2odoo86-backupCopiado.png>
Package pdftex.def Info: ../img/pr2odoo86-backupCopiado.png  used on input line 848.
(pdftex.def)             Requested size: 195.0pt x 62.06807pt.


[31 <../img/pr2odoo85-copiarBackupAhost.png> <../img/pr2odoo86-backupCopiado.png>] (index.aux
LaTeX Info: Redefining \. on input line 11.
LaTeX Info: Redefining \% on input line 11.
)
 ***********
LaTeX2e <2025-06-01> patch level 1
L3 programming layer <2025-09-02>
 ***********
Package rerunfilecheck Info: File `index.out' has not changed.
(rerunfilecheck)             Checksum: 7C69997E4E014FFDE07B9CFAC306C591;1822.
 ) 
Here is how much of TeX's memory you used:
 11458 strings out of 468130
 200637 string characters out of 5429181
 590917 words of memory out of 5000000
 39808 multiletter control sequences out of 15000+600000
 633494 words of font info for 62 fonts, out of 8000000 for 9000
 1141 hyphenation exceptions out of 8191
 63i,6n,67p,452b,612s stack positions out of 10000i,1000n,20000p,200000b,200000s
 <C:\Users\danielcc\AppData\Local\MiKTeX\fonts/pk/ljfour/jknappen/ec/dpi600\tcrm1200.pk> <C:\Users\danielcc\AppData\Local\MiKTeX\fonts/pk/ljfour/jknappen/ec/dpi600\tcrm1440.pk><C:/Users/danielcc/AppData/Local/Programs/MiKTeX/fonts/type1/public/amsfonts/cm/cmbx12.pfb><C:/Users/danielcc/AppData/Local/Programs/MiKTeX/fonts/type1/public/amsfonts/cm/cmr12.pfb><C:/Users/danielcc/AppData/Local/Programs/MiKTeX/fonts/type1/public/amsfonts/cm/cmr17.pfb><C:/Users/danielcc/AppData/Local/Programs/MiKTeX/fonts/type1/public/amsfonts/cm/cmti12.pfb><C:/Users/danielcc/AppData/Local/Programs/MiKTeX/fonts/type1/public/amsfonts/cm/cmtt12.pfb>
Output written on index.pdf (31 pages, 2474009 bytes).
PDF statistics:
 577 PDF objects out of 1000 (max. 8388607)
 158 named destinations out of 1000 (max. 500000)
 551 words of extra memory for PDF output out of 10000 (max. 10000000)

